  Linked List Methods spring 2018-1.cpp
d:\users\brandon\dropbox\college\2017-2018\cs 2420 - data structures & algorithms\assignment 2\linked list methods\linked list methods\linked list methods spring 2018-1.cpp(185): warning C4018: '>': signed/unsigned mismatch
  d:\users\brandon\dropbox\college\2017-2018\cs 2420 - data structures & algorithms\assignment 2\linked list methods\linked list methods\linked list methods spring 2018-1.cpp(182): note: while compiling class template member function 'int SinglyLinkedList<int>::getAtIndex(const unsigned int) const'
  d:\users\brandon\dropbox\college\2017-2018\cs 2420 - data structures & algorithms\assignment 2\linked list methods\linked list methods\linked list methods spring 2018-1.cpp(411): note: see reference to function template instantiation 'int SinglyLinkedList<int>::getAtIndex(const unsigned int) const' being compiled
  d:\users\brandon\dropbox\college\2017-2018\cs 2420 - data structures & algorithms\assignment 2\linked list methods\linked list methods\linked list methods spring 2018-1.cpp(402): note: see reference to class template instantiation 'SinglyLinkedList<int>' being compiled
d:\users\brandon\dropbox\college\2017-2018\cs 2420 - data structures & algorithms\assignment 2\linked list methods\linked list methods\linked list methods spring 2018-1.cpp(199): warning C4018: '>': signed/unsigned mismatch
  d:\users\brandon\dropbox\college\2017-2018\cs 2420 - data structures & algorithms\assignment 2\linked list methods\linked list methods\linked list methods spring 2018-1.cpp(196): note: while compiling class template member function 'int &SinglyLinkedList<int>::operator [](const unsigned int) const'
  d:\users\brandon\dropbox\college\2017-2018\cs 2420 - data structures & algorithms\assignment 2\linked list methods\linked list methods\linked list methods spring 2018-1.cpp(461): note: see reference to function template instantiation 'int &SinglyLinkedList<int>::operator [](const unsigned int) const' being compiled
d:\users\brandon\dropbox\college\2017-2018\cs 2420 - data structures & algorithms\assignment 2\linked list methods\linked list methods\linked list methods spring 2018-1.cpp(252): warning C4018: '>': signed/unsigned mismatch
  d:\users\brandon\dropbox\college\2017-2018\cs 2420 - data structures & algorithms\assignment 2\linked list methods\linked list methods\linked list methods spring 2018-1.cpp(246): note: while compiling class template member function 'void SinglyLinkedList<int>::insertAtIndex(const unsigned int,T &&)'
          with
          [
              T=int
          ]
  d:\users\brandon\dropbox\college\2017-2018\cs 2420 - data structures & algorithms\assignment 2\linked list methods\linked list methods\linked list methods spring 2018-1.cpp(508): note: see reference to function template instantiation 'void SinglyLinkedList<int>::insertAtIndex(const unsigned int,T &&)' being compiled
          with
          [
              T=int
          ]
d:\users\brandon\dropbox\college\2017-2018\cs 2420 - data structures & algorithms\assignment 2\linked list methods\linked list methods\linked list methods spring 2018-1.cpp(263): warning C4018: '<': signed/unsigned mismatch
d:\users\brandon\dropbox\college\2017-2018\cs 2420 - data structures & algorithms\assignment 2\linked list methods\linked list methods\linked list methods spring 2018-1.cpp(289): warning C4018: '>=': signed/unsigned mismatch
  d:\users\brandon\dropbox\college\2017-2018\cs 2420 - data structures & algorithms\assignment 2\linked list methods\linked list methods\linked list methods spring 2018-1.cpp(282): note: while compiling class template member function 'void SinglyLinkedList<int>::deleteAtIndex(const unsigned int)'
  d:\users\brandon\dropbox\college\2017-2018\cs 2420 - data structures & algorithms\assignment 2\linked list methods\linked list methods\linked list methods spring 2018-1.cpp(567): note: see reference to function template instantiation 'void SinglyLinkedList<int>::deleteAtIndex(const unsigned int)' being compiled
d:\users\brandon\dropbox\college\2017-2018\cs 2420 - data structures & algorithms\assignment 2\linked list methods\linked list methods\linked list methods spring 2018-1.cpp(309): warning C4018: '<': signed/unsigned mismatch
  Linked List Methods.vcxproj -> D:\Users\Brandon\Dropbox\College\2017-2018\CS 2420 - Data Structures & Algorithms\Assignment 2\Linked List Methods\Debug\Linked List Methods.exe
